C:\USERS\MAROš\MY_PROJECT2\CONTROLLERS\BROBOT\BROBOT\BROBOT.EXE
C:\USERS\MAROš\MY_PROJECT2\CONTROLLERS\BROBOT\BROBOT\BROBOT.ILK
C:\USERS\MAROš\MY_PROJECT2\CONTROLLERS\BROBOT\BROBOT\DEBUG\ACCELEROMETER.OBJ
C:\USERS\MAROš\MY_PROJECT2\CONTROLLERS\BROBOT\BROBOT\DEBUG\BROBOT.EXE.INTERMEDIATE.MANIFEST
C:\USERS\MAROš\MY_PROJECT2\CONTROLLERS\BROBOT\BROBOT\DEBUG\BROBOT.OBJ
C:\USERS\MAROš\MY_PROJECT2\CONTROLLERS\BROBOT\BROBOT\DEBUG\CAMERA.OBJ
C:\USERS\MAROš\MY_PROJECT2\CONTROLLERS\BROBOT\BROBOT\DEBUG\COMPASS.OBJ
C:\USERS\MAROš\MY_PROJECT2\CONTROLLERS\BROBOT\BROBOT\DEBUG\CONNECTOR.OBJ
C:\USERS\MAROš\MY_PROJECT2\CONTROLLERS\BROBOT\BROBOT\DEBUG\DEVICE.OBJ
C:\USERS\MAROš\MY_PROJECT2\CONTROLLERS\BROBOT\BROBOT\DEBUG\DIFFERENTIALWHEELS.OBJ
C:\USERS\MAROš\MY_PROJECT2\CONTROLLERS\BROBOT\BROBOT\DEBUG\DISPLAY.OBJ
C:\USERS\MAROš\MY_PROJECT2\CONTROLLERS\BROBOT\BROBOT\DEBUG\DISTANCESENSOR.OBJ
C:\USERS\MAROš\MY_PROJECT2\CONTROLLERS\BROBOT\BROBOT\DEBUG\EMITTER.OBJ
C:\USERS\MAROš\MY_PROJECT2\CONTROLLERS\BROBOT\BROBOT\DEBUG\FIELD.OBJ
C:\USERS\MAROš\MY_PROJECT2\CONTROLLERS\BROBOT\BROBOT\DEBUG\GPS.OBJ
C:\USERS\MAROš\MY_PROJECT2\CONTROLLERS\BROBOT\BROBOT\DEBUG\GYRO.OBJ
C:\USERS\MAROš\MY_PROJECT2\CONTROLLERS\BROBOT\BROBOT\DEBUG\LED.OBJ
C:\USERS\MAROš\MY_PROJECT2\CONTROLLERS\BROBOT\BROBOT\DEBUG\LIGHTSENSOR.OBJ
C:\USERS\MAROš\MY_PROJECT2\CONTROLLERS\BROBOT\BROBOT\DEBUG\MOTION.OBJ
C:\USERS\MAROš\MY_PROJECT2\CONTROLLERS\BROBOT\BROBOT\DEBUG\NODE.OBJ
C:\USERS\MAROš\MY_PROJECT2\CONTROLLERS\BROBOT\BROBOT\DEBUG\PEN.OBJ
C:\USERS\MAROš\MY_PROJECT2\CONTROLLERS\BROBOT\BROBOT\DEBUG\RECEIVER.OBJ
C:\USERS\MAROš\MY_PROJECT2\CONTROLLERS\BROBOT\BROBOT\DEBUG\ROBOT.OBJ
C:\USERS\MAROš\MY_PROJECT2\CONTROLLERS\BROBOT\BROBOT\DEBUG\SERVO.OBJ
C:\USERS\MAROš\MY_PROJECT2\CONTROLLERS\BROBOT\BROBOT\DEBUG\SUPERVISOR.OBJ
C:\USERS\MAROš\MY_PROJECT2\CONTROLLERS\BROBOT\BROBOT\DEBUG\TOUCHSENSOR.OBJ
C:\USERS\MAROŠ\MY_PROJECT2\CONTROLLERS\BROBOT\BROBOT\DEBUG\VC100.PDB
C:\USERS\MAROŠ\MY_PROJECT2\CONTROLLERS\BROBOT\DEBUG\BROBOT.PDB
d:\Programming\projectFuzzy\neuro-fuzzy\controllers\BRobot\BRobot\Debug\Accelerometer.obj
d:\Programming\projectFuzzy\neuro-fuzzy\controllers\BRobot\BRobot\Debug\BRobot.exe.intermediate.manifest
d:\Programming\projectFuzzy\neuro-fuzzy\controllers\BRobot\BRobot\Debug\BRobot.obj
d:\Programming\projectFuzzy\neuro-fuzzy\controllers\BRobot\BRobot\Debug\Camera.obj
d:\Programming\projectFuzzy\neuro-fuzzy\controllers\BRobot\BRobot\Debug\cl.command.1.tlog
d:\Programming\projectFuzzy\neuro-fuzzy\controllers\BRobot\BRobot\Debug\CL.read.1.tlog
d:\Programming\projectFuzzy\neuro-fuzzy\controllers\BRobot\BRobot\Debug\CL.write.1.tlog
d:\Programming\projectFuzzy\neuro-fuzzy\controllers\BRobot\BRobot\Debug\Compass.obj
d:\Programming\projectFuzzy\neuro-fuzzy\controllers\BRobot\BRobot\Debug\Connector.obj
d:\Programming\projectFuzzy\neuro-fuzzy\controllers\BRobot\BRobot\Debug\Device.obj
d:\Programming\projectFuzzy\neuro-fuzzy\controllers\BRobot\BRobot\Debug\DifferentialWheels.obj
d:\Programming\projectFuzzy\neuro-fuzzy\controllers\BRobot\BRobot\Debug\Display.obj
d:\Programming\projectFuzzy\neuro-fuzzy\controllers\BRobot\BRobot\Debug\DistanceSensor.obj
d:\Programming\projectFuzzy\neuro-fuzzy\controllers\BRobot\BRobot\Debug\Emitter.obj
d:\Programming\projectFuzzy\neuro-fuzzy\controllers\BRobot\BRobot\Debug\Field.obj
d:\Programming\projectFuzzy\neuro-fuzzy\controllers\BRobot\BRobot\Debug\GPS.obj
d:\Programming\projectFuzzy\neuro-fuzzy\controllers\BRobot\BRobot\Debug\Gyro.obj
d:\Programming\projectFuzzy\neuro-fuzzy\controllers\BRobot\BRobot\Debug\LED.obj
d:\Programming\projectFuzzy\neuro-fuzzy\controllers\BRobot\BRobot\Debug\LightSensor.obj
d:\Programming\projectFuzzy\neuro-fuzzy\controllers\BRobot\BRobot\Debug\link.command.1.tlog
d:\Programming\projectFuzzy\neuro-fuzzy\controllers\BRobot\BRobot\Debug\link.read.1.tlog
d:\Programming\projectFuzzy\neuro-fuzzy\controllers\BRobot\BRobot\Debug\link.write.1.tlog
d:\Programming\projectFuzzy\neuro-fuzzy\controllers\BRobot\BRobot\Debug\Motion.obj
d:\Programming\projectFuzzy\neuro-fuzzy\controllers\BRobot\BRobot\Debug\mt.command.1.tlog
d:\Programming\projectFuzzy\neuro-fuzzy\controllers\BRobot\BRobot\Debug\mt.read.1.tlog
d:\Programming\projectFuzzy\neuro-fuzzy\controllers\BRobot\BRobot\Debug\mt.write.1.tlog
d:\Programming\projectFuzzy\neuro-fuzzy\controllers\BRobot\BRobot\Debug\Node.obj
d:\Programming\projectFuzzy\neuro-fuzzy\controllers\BRobot\BRobot\Debug\Pen.obj
d:\Programming\projectFuzzy\neuro-fuzzy\controllers\BRobot\BRobot\Debug\Receiver.obj
d:\Programming\projectFuzzy\neuro-fuzzy\controllers\BRobot\BRobot\Debug\Robot.obj
d:\Programming\projectFuzzy\neuro-fuzzy\controllers\BRobot\BRobot\Debug\Servo.obj
d:\Programming\projectFuzzy\neuro-fuzzy\controllers\BRobot\BRobot\Debug\Supervisor.obj
d:\Programming\projectFuzzy\neuro-fuzzy\controllers\BRobot\BRobot\Debug\TouchSensor.obj
d:\Programming\projectFuzzy\neuro-fuzzy\controllers\BRobot\BRobot\Debug\vc100.idb
d:\Programming\projectFuzzy\neuro-fuzzy\controllers\BRobot\BRobot\Debug\vc100.pdb
D:\Programming\projectFuzzy\neuro-fuzzy\controllers\BRobot\Debug\BRobot.pdb
