Build started 11/9/2012 10:53:42 AM.
     1>Project "d:\Programming\projectFuzzy\neuro-fuzzy\controllers\BRobot\BRobot\BRobot.vcxproj" on node 2 (rebuild target(s)).
     1>_PrepareForClean:
         Deleting file "Debug\BRobot.lastbuildstate".
       InitializeBuildStatus:
         Creating "Debug\BRobot.unsuccessfulbuild" because "AlwaysCreate" was specified.
       ClCompile:
         C:\Program Files (x86)\Microsoft Visual Studio 10.0\VC\bin\CL.exe /c /I"C:\Program Files (x86)\Webots\include\controller\c" /I"C:\Program Files (x86)\Webots\include\controller\cpp" /ZI /nologo /W3 /WX- /Od /Oy- /D _MBCS /Gm /EHsc /RTC1 /MDd /GS /fp:precise /Zc:wchar_t /Zc:forScope /Fo"Debug\\" /Fd"Debug\vc100.pdb" /Gd /TP /analyze- /errorReport:prompt "..\Webots srv API\Accelerometer.cpp" "..\Webots srv API\Camera.cpp" "..\Webots srv API\Compass.cpp" "..\Webots srv API\Connector.cpp" "..\Webots srv API\Device.cpp" "..\Webots srv API\DifferentialWheels.cpp" "..\Webots srv API\Display.cpp" "..\Webots srv API\DistanceSensor.cpp" "..\Webots srv API\Emitter.cpp" "..\Webots srv API\Field.cpp" "..\Webots srv API\GPS.cpp" "..\Webots srv API\Gyro.cpp" "..\Webots srv API\LED.cpp" "..\Webots srv API\LightSensor.cpp" "..\Webots srv API\Motion.cpp" "..\Webots srv API\Node.cpp" "..\Webots srv API\Pen.cpp" "..\Webots srv API\Receiver.cpp" "..\Webots srv API\Robot.cpp" "..\Webots srv API\Servo.cpp" "..\Webots srv API\Supervisor.cpp" "..\Webots srv API\TouchSensor.cpp" BRobot.cpp
         BRobot.cpp
         TouchSensor.cpp
         Supervisor.cpp
         Servo.cpp
         Robot.cpp
         Receiver.cpp
         Pen.cpp
         Node.cpp
         Motion.cpp
         LightSensor.cpp
         LED.cpp
         Gyro.cpp
         GPS.cpp
         Field.cpp
         Emitter.cpp
         DistanceSensor.cpp
         Display.cpp
         DifferentialWheels.cpp
         Device.cpp
         Connector.cpp
         Generating Code...
         Compiling...
         Compass.cpp
         Camera.cpp
         Accelerometer.cpp
         Generating Code...
     1>C:\Program Files (x86)\MSBuild\Microsoft.Cpp\v4.0\Microsoft.CppBuild.targets(990,5): warning MSB8012: TargetPath(D:\Programming\projectFuzzy\neuro-fuzzy\controllers\BRobot\Debug\BRobot.exe) does not match the Linker's OutputFile property value (d:\Programming\projectFuzzy\neuro-fuzzy\controllers\BRobot\BRobot\BRobot.exe). This may cause your project to build incorrectly. To correct this, please make sure that $(OutDir), $(TargetName) and $(TargetExt) property values match the value specified in %(Link.OutputFile).
       Link:
         C:\Program Files (x86)\Microsoft Visual Studio 10.0\VC\bin\link.exe /ERRORREPORT:PROMPT /OUT:"BRobot.exe" /NOLOGO /LIBPATH:"C:\Program Files (x86)\Webots\lib" Controller.lib kernel32.lib user32.lib gdi32.lib winspool.lib comdlg32.lib advapi32.lib shell32.lib ole32.lib oleaut32.lib uuid.lib odbc32.lib odbccp32.lib /MANIFEST /ManifestFile:"Debug\BRobot.exe.intermediate.manifest" /MANIFESTUAC:"level='asInvoker' uiAccess='false'" /DEBUG /PDB:"D:\Programming\projectFuzzy\neuro-fuzzy\controllers\BRobot\Debug\BRobot.pdb" /TLBID:1 /DYNAMICBASE /NXCOMPAT /IMPLIB:"D:\Programming\projectFuzzy\neuro-fuzzy\controllers\BRobot\Debug\BRobot.lib" /MACHINE:X86 Debug\Accelerometer.obj
         Debug\Camera.obj
         Debug\Compass.obj
         Debug\Connector.obj
         Debug\Device.obj
         Debug\DifferentialWheels.obj
         Debug\Display.obj
         Debug\DistanceSensor.obj
         Debug\Emitter.obj
         Debug\Field.obj
         Debug\GPS.obj
         Debug\Gyro.obj
         Debug\LED.obj
         Debug\LightSensor.obj
         Debug\Motion.obj
         Debug\Node.obj
         Debug\Pen.obj
         Debug\Receiver.obj
         Debug\Robot.obj
         Debug\Servo.obj
         Debug\Supervisor.obj
         Debug\TouchSensor.obj
         Debug\BRobot.obj
         LINK : BRobot.exe not found or not built by the last incremental link; performing full link
         BRobot.vcxproj -> D:\Programming\projectFuzzy\neuro-fuzzy\controllers\BRobot\Debug\BRobot.exe
       Manifest:
         C:\Program Files (x86)\Microsoft SDKs\Windows\v7.0A\bin\mt.exe /nologo /verbose /outputresource:"BRobot.exe;#1" /manifest Debug\BRobot.exe.intermediate.manifest
       FinalizeBuildStatus:
         Deleting file "Debug\BRobot.unsuccessfulbuild".
         Touching "Debug\BRobot.lastbuildstate".
     1>Done Building Project "d:\Programming\projectFuzzy\neuro-fuzzy\controllers\BRobot\BRobot\BRobot.vcxproj" (rebuild target(s)).

Build succeeded.

Time Elapsed 00:00:11.76
