C:\USERS\PEPO\DESKTOP\REPOZITAR\NEURO-FUZZY\LEARNING\LEARNING\DEBUG\LEARNING.PDB
C:\Users\Pepo\Desktop\repozitar\neuro-fuzzy\Learning\Learning\Learning\Debug\cl.command.1.tlog
C:\Users\Pepo\Desktop\repozitar\neuro-fuzzy\Learning\Learning\Learning\Debug\CL.read.1.tlog
C:\Users\Pepo\Desktop\repozitar\neuro-fuzzy\Learning\Learning\Learning\Debug\CL.write.1.tlog
C:\USERS\PEPO\DESKTOP\REPOZITAR\NEURO-FUZZY\LEARNING\LEARNING\LEARNING\DEBUG\COMPAREINDIVIDUUM.OBJ
C:\USERS\PEPO\DESKTOP\REPOZITAR\NEURO-FUZZY\LEARNING\LEARNING\LEARNING\DEBUG\EVOLUTIONARYALGORITHM.OBJ
C:\USERS\PEPO\DESKTOP\REPOZITAR\NEURO-FUZZY\LEARNING\LEARNING\LEARNING\DEBUG\INDIVIDUUM.OBJ
C:\USERS\PEPO\DESKTOP\REPOZITAR\NEURO-FUZZY\LEARNING\LEARNING\LEARNING\DEBUG\LEARNING.EXE.INTERMEDIATE.MANIFEST
C:\Users\Pepo\Desktop\repozitar\neuro-fuzzy\Learning\Learning\Learning\Debug\link.command.1.tlog
C:\Users\Pepo\Desktop\repozitar\neuro-fuzzy\Learning\Learning\Learning\Debug\link.read.1.tlog
C:\Users\Pepo\Desktop\repozitar\neuro-fuzzy\Learning\Learning\Learning\Debug\link.write.1.tlog
C:\Users\Pepo\Desktop\repozitar\neuro-fuzzy\Learning\Learning\Learning\Debug\mt.command.1.tlog
C:\Users\Pepo\Desktop\repozitar\neuro-fuzzy\Learning\Learning\Learning\Debug\mt.read.1.tlog
C:\Users\Pepo\Desktop\repozitar\neuro-fuzzy\Learning\Learning\Learning\Debug\mt.write.1.tlog
C:\USERS\PEPO\DESKTOP\REPOZITAR\NEURO-FUZZY\LEARNING\LEARNING\LEARNING\DEBUG\SUPERVISOR.OBJ
C:\USERS\PEPO\DESKTOP\REPOZITAR\NEURO-FUZZY\LEARNING\LEARNING\LEARNING\DEBUG\SUPERVISORCONTROLLER.OBJ
C:\Users\Pepo\Desktop\repozitar\neuro-fuzzy\Learning\Learning\Learning\Debug\vc100.idb
C:\USERS\PEPO\DESKTOP\REPOZITAR\NEURO-FUZZY\LEARNING\LEARNING\LEARNING\DEBUG\VC100.PDB
C:\USERS\PEPO\DESKTOP\REPOZITAR\NEURO-FUZZY\LEARNING\LEARNING\LEARNING\LEARNING.EXE
C:\USERS\PEPO\DESKTOP\REPOZITAR\NEURO-FUZZY\LEARNING\LEARNING\LEARNING\LEARNING.ILK
