Build started 11/21/2012 3:11:47 PM.
     1>Project "d:\Programming\projectFuzzy\neuro-fuzzy\Learning\Learning\Learning\Learning.vcxproj" on node 2 (build target(s)).
     1>InitializeBuildStatus:
         Creating "Debug\Learning.unsuccessfulbuild" because "AlwaysCreate" was specified.
       ClCompile:
         C:\Program Files (x86)\Microsoft Visual Studio 10.0\VC\bin\CL.exe /c /ZI /nologo /W3 /WX- /Od /Oy- /D _MBCS /Gm /EHsc /RTC1 /MDd /GS /fp:precise /Zc:wchar_t /Zc:forScope /Fo"Debug\\" /Fd"Debug\vc100.pdb" /Gd /TP /analyze- /errorReport:prompt EvolutionaryAlgorithm.cpp
         EvolutionaryAlgorithm.cpp
       Link:
         C:\Program Files (x86)\Microsoft Visual Studio 10.0\VC\bin\link.exe /ERRORREPORT:PROMPT /OUT:"D:\Programming\projectFuzzy\neuro-fuzzy\Learning\Learning\Debug\Learning.exe" /NOLOGO kernel32.lib user32.lib gdi32.lib winspool.lib comdlg32.lib advapi32.lib shell32.lib ole32.lib oleaut32.lib uuid.lib odbc32.lib odbccp32.lib /MANIFEST /ManifestFile:"Debug\Learning.exe.intermediate.manifest" /MANIFESTUAC:"level='asInvoker' uiAccess='false'" /DEBUG /PDB:"D:\Programming\projectFuzzy\neuro-fuzzy\Learning\Learning\Debug\Learning.pdb" /TLBID:1 /DYNAMICBASE /NXCOMPAT /IMPLIB:"D:\Programming\projectFuzzy\neuro-fuzzy\Learning\Learning\Debug\Learning.lib" /MACHINE:X86 Debug\EvolutionaryAlgorithm.obj
         Debug\Individuum.obj
         Debug\SuperVisor.obj
         LINK : D:\Programming\projectFuzzy\neuro-fuzzy\Learning\Learning\Debug\Learning.exe not found or not built by the last incremental link; performing full link
         Learning.vcxproj -> D:\Programming\projectFuzzy\neuro-fuzzy\Learning\Learning\Debug\Learning.exe
       Manifest:
         C:\Program Files (x86)\Microsoft SDKs\Windows\v7.0A\bin\mt.exe /nologo /verbose /outputresource:"D:\Programming\projectFuzzy\neuro-fuzzy\Learning\Learning\Debug\Learning.exe;#1" /manifest Debug\Learning.exe.intermediate.manifest
       FinalizeBuildStatus:
         Deleting file "Debug\Learning.unsuccessfulbuild".
         Touching "Debug\Learning.lastbuildstate".
     1>Done Building Project "d:\Programming\projectFuzzy\neuro-fuzzy\Learning\Learning\Learning\Learning.vcxproj" (build target(s)).

Build succeeded.

Time Elapsed 00:00:01.56
